{"C:\\Users\\HP\\Desktop\\Zero-Waste\\frontend\\src\\components\\forms\\ResidentForgotPasswordForm.js": {"path":"C:\\Users\\HP\\Desktop\\Zero-Waste\\frontend\\src\\components\\forms\\ResidentForgotPasswordForm.js","statementMap":{"0":{"start":{"line":5,"column":16},"end":{"line":5,"column":64}},"1":{"start":{"line":6,"column":23},"end":{"line":6,"column":76}},"2":{"start":{"line":7,"column":18},"end":{"line":7,"column":62}},"3":{"start":{"line":8,"column":26},"end":{"line":8,"column":55}},"4":{"start":{"line":10,"column":35},"end":{"line":95,"column":1}},"5":{"start":{"line":11,"column":28},"end":{"line":11,"column":40}},"6":{"start":{"line":12,"column":32},"end":{"line":12,"column":44}},"7":{"start":{"line":13,"column":28},"end":{"line":13,"column":40}},"8":{"start":{"line":16,"column":24},"end":{"line":18,"column":3}},"9":{"start":{"line":17,"column":4},"end":{"line":17,"column":29}},"10":{"start":{"line":21,"column":19},"end":{"line":55,"column":3}},"11":{"start":{"line":22,"column":4},"end":{"line":22,"column":23}},"12":{"start":{"line":23,"column":4},"end":{"line":23,"column":17}},"13":{"start":{"line":24,"column":4},"end":{"line":24,"column":19}},"14":{"start":{"line":27,"column":4},"end":{"line":30,"column":5}},"15":{"start":{"line":28,"column":6},"end":{"line":28,"column":34}},"16":{"start":{"line":29,"column":6},"end":{"line":29,"column":13}},"17":{"start":{"line":32,"column":4},"end":{"line":54,"column":5}},"18":{"start":{"line":34,"column":23},"end":{"line":38,"column":8}},"19":{"start":{"line":41,"column":19},"end":{"line":41,"column":40}},"20":{"start":{"line":44,"column":6},"end":{"line":49,"column":7}},"21":{"start":{"line":45,"column":8},"end":{"line":45,"column":35}},"22":{"start":{"line":48,"column":8},"end":{"line":48,"column":44}},"23":{"start":{"line":52,"column":6},"end":{"line":52,"column":51}},"24":{"start":{"line":53,"column":6},"end":{"line":53,"column":26}},"25":{"start":{"line":57,"column":2},"end":{"line":94,"column":4}}},"fnMap":{"0":{"name":"(anonymous_0)","decl":{"start":{"line":10,"column":35},"end":{"line":10,"column":36}},"loc":{"start":{"line":10,"column":41},"end":{"line":95,"column":1}},"line":10},"1":{"name":"(anonymous_1)","decl":{"start":{"line":16,"column":24},"end":{"line":16,"column":25}},"loc":{"start":{"line":16,"column":31},"end":{"line":18,"column":3}},"line":16},"2":{"name":"(anonymous_2)","decl":{"start":{"line":21,"column":19},"end":{"line":21,"column":20}},"loc":{"start":{"line":21,"column":32},"end":{"line":55,"column":3}},"line":21}},"branchMap":{"0":{"loc":{"start":{"line":27,"column":4},"end":{"line":30,"column":5}},"type":"if","locations":[{"start":{"line":27,"column":4},"end":{"line":30,"column":5}},{"start":{},"end":{}}],"line":27},"1":{"loc":{"start":{"line":44,"column":6},"end":{"line":49,"column":7}},"type":"if","locations":[{"start":{"line":44,"column":6},"end":{"line":49,"column":7}},{"start":{"line":46,"column":13},"end":{"line":49,"column":7}}],"line":44},"2":{"loc":{"start":{"line":48,"column":17},"end":{"line":48,"column":42}},"type":"binary-expr","locations":[{"start":{"line":48,"column":17},"end":{"line":48,"column":29}},{"start":{"line":48,"column":33},"end":{"line":48,"column":42}}],"line":48},"3":{"loc":{"start":{"line":63,"column":9},"end":{"line":63,"column":63}},"type":"binary-expr","locations":[{"start":{"line":63,"column":9},"end":{"line":63,"column":16}},{"start":{"line":63,"column":20},"end":{"line":63,"column":63}}],"line":63},"4":{"loc":{"start":{"line":66,"column":9},"end":{"line":66,"column":57}},"type":"binary-expr","locations":[{"start":{"line":66,"column":9},"end":{"line":66,"column":14}},{"start":{"line":66,"column":18},"end":{"line":66,"column":57}}],"line":66}},"s":{"0":0,"1":0,"2":0,"3":0,"4":0,"5":0,"6":0,"7":0,"8":0,"9":0,"10":0,"11":0,"12":0,"13":0,"14":0,"15":0,"16":0,"17":0,"18":0,"19":0,"20":0,"21":0,"22":0,"23":0,"24":0,"25":0},"f":{"0":0,"1":0,"2":0},"b":{"0":[0,0],"1":[0,0],"2":[0,0],"3":[0,0],"4":[0,0]}}
,"C:\\Users\\HP\\Desktop\\Zero-Waste\\frontend\\src\\components\\forms\\ResidentLoginform.js": {"path":"C:\\Users\\HP\\Desktop\\Zero-Waste\\frontend\\src\\components\\forms\\ResidentLoginform.js","statementMap":{"0":{"start":{"line":5,"column":16},"end":{"line":5,"column":54}},"1":{"start":{"line":6,"column":25},"end":{"line":6,"column":58}},"2":{"start":{"line":7,"column":24},"end":{"line":7,"column":53}},"3":{"start":{"line":8,"column":24},"end":{"line":8,"column":57}},"4":{"start":{"line":10,"column":26},"end":{"line":117,"column":1}},"5":{"start":{"line":11,"column":26},"end":{"line":14,"column":4}},"6":{"start":{"line":15,"column":28},"end":{"line":15,"column":40}},"7":{"start":{"line":16,"column":19},"end":{"line":16,"column":32}},"8":{"start":{"line":19,"column":24},"end":{"line":24,"column":3}},"9":{"start":{"line":20,"column":4},"end":{"line":23,"column":7}},"10":{"start":{"line":27,"column":18},"end":{"line":64,"column":3}},"11":{"start":{"line":28,"column":4},"end":{"line":28,"column":23}},"12":{"start":{"line":31,"column":4},"end":{"line":34,"column":5}},"13":{"start":{"line":32,"column":6},"end":{"line":32,"column":32}},"14":{"start":{"line":33,"column":6},"end":{"line":33,"column":13}},"15":{"start":{"line":36,"column":4},"end":{"line":63,"column":5}},"16":{"start":{"line":37,"column":23},"end":{"line":41,"column":8}},"17":{"start":{"line":43,"column":19},"end":{"line":43,"column":40}},"18":{"start":{"line":45,"column":6},"end":{"line":59,"column":7}},"19":{"start":{"line":46,"column":8},"end":{"line":46,"column":50}},"20":{"start":{"line":47,"column":8},"end":{"line":47,"column":58}},"21":{"start":{"line":48,"column":8},"end":{"line":48,"column":64}},"22":{"start":{"line":49,"column":8},"end":{"line":49,"column":54}},"23":{"start":{"line":50,"column":8},"end":{"line":50,"column":50}},"24":{"start":{"line":52,"column":8},"end":{"line":56,"column":9}},"25":{"start":{"line":53,"column":10},"end":{"line":53,"column":37}},"26":{"start":{"line":55,"column":10},"end":{"line":55,"column":28}},"27":{"start":{"line":58,"column":8},"end":{"line":58,"column":51}},"28":{"start":{"line":61,"column":6},"end":{"line":61,"column":41}},"29":{"start":{"line":62,"column":6},"end":{"line":62,"column":32}},"30":{"start":{"line":66,"column":2},"end":{"line":116,"column":4}}},"fnMap":{"0":{"name":"(anonymous_0)","decl":{"start":{"line":10,"column":26},"end":{"line":10,"column":27}},"loc":{"start":{"line":10,"column":32},"end":{"line":117,"column":1}},"line":10},"1":{"name":"(anonymous_1)","decl":{"start":{"line":19,"column":24},"end":{"line":19,"column":25}},"loc":{"start":{"line":19,"column":31},"end":{"line":24,"column":3}},"line":19},"2":{"name":"(anonymous_2)","decl":{"start":{"line":27,"column":18},"end":{"line":27,"column":19}},"loc":{"start":{"line":27,"column":31},"end":{"line":64,"column":3}},"line":27}},"branchMap":{"0":{"loc":{"start":{"line":31,"column":4},"end":{"line":34,"column":5}},"type":"if","locations":[{"start":{"line":31,"column":4},"end":{"line":34,"column":5}},{"start":{},"end":{}}],"line":31},"1":{"loc":{"start":{"line":31,"column":8},"end":{"line":31,"column":37}},"type":"binary-expr","locations":[{"start":{"line":31,"column":8},"end":{"line":31,"column":19}},{"start":{"line":31,"column":23},"end":{"line":31,"column":37}}],"line":31},"2":{"loc":{"start":{"line":45,"column":6},"end":{"line":59,"column":7}},"type":"if","locations":[{"start":{"line":45,"column":6},"end":{"line":59,"column":7}},{"start":{"line":57,"column":13},"end":{"line":59,"column":7}}],"line":45},"3":{"loc":{"start":{"line":52,"column":8},"end":{"line":56,"column":9}},"type":"if","locations":[{"start":{"line":52,"column":8},"end":{"line":56,"column":9}},{"start":{"line":54,"column":15},"end":{"line":56,"column":9}}],"line":52},"4":{"loc":{"start":{"line":58,"column":17},"end":{"line":58,"column":49}},"type":"binary-expr","locations":[{"start":{"line":58,"column":17},"end":{"line":58,"column":29}},{"start":{"line":58,"column":33},"end":{"line":58,"column":49}}],"line":58},"5":{"loc":{"start":{"line":70,"column":9},"end":{"line":70,"column":57}},"type":"binary-expr","locations":[{"start":{"line":70,"column":9},"end":{"line":70,"column":14}},{"start":{"line":70,"column":18},"end":{"line":70,"column":57}}],"line":70}},"s":{"0":0,"1":0,"2":0,"3":0,"4":0,"5":0,"6":0,"7":0,"8":0,"9":0,"10":0,"11":0,"12":0,"13":0,"14":0,"15":0,"16":0,"17":0,"18":0,"19":0,"20":0,"21":0,"22":0,"23":0,"24":0,"25":0,"26":0,"27":0,"28":0,"29":0,"30":0},"f":{"0":0,"1":0,"2":0},"b":{"0":[0,0],"1":[0,0],"2":[0,0],"3":[0,0],"4":[0,0],"5":[0,0]}}
,"C:\\Users\\HP\\Desktop\\Zero-Waste\\frontend\\src\\pages\\NonRegisteredHome.js": {"path":"C:\\Users\\HP\\Desktop\\Zero-Waste\\frontend\\src\\pages\\NonRegisteredHome.js","statementMap":{"0":{"start":{"line":15,"column":26},"end":{"line":194,"column":1}},"1":{"start":{"line":16,"column":44},"end":{"line":16,"column":55}},"2":{"start":{"line":18,"column":19},"end":{"line":34,"column":5}},"3":{"start":{"line":36,"column":21},"end":{"line":61,"column":5}},"4":{"start":{"line":63,"column":22},"end":{"line":65,"column":5}},"5":{"start":{"line":64,"column":8},"end":{"line":64,"column":72}},"6":{"start":{"line":64,"column":39},"end":{"line":64,"column":70}},"7":{"start":{"line":67,"column":22},"end":{"line":69,"column":5}},"8":{"start":{"line":68,"column":8},"end":{"line":68,"column":88}},"9":{"start":{"line":68,"column":39},"end":{"line":68,"column":86}},"10":{"start":{"line":71,"column":4},"end":{"line":193,"column":6}},"11":{"start":{"line":99,"column":24},"end":{"line":105,"column":30}}},"fnMap":{"0":{"name":"(anonymous_0)","decl":{"start":{"line":15,"column":26},"end":{"line":15,"column":27}},"loc":{"start":{"line":15,"column":32},"end":{"line":194,"column":1}},"line":15},"1":{"name":"(anonymous_1)","decl":{"start":{"line":63,"column":22},"end":{"line":63,"column":23}},"loc":{"start":{"line":63,"column":28},"end":{"line":65,"column":5}},"line":63},"2":{"name":"(anonymous_2)","decl":{"start":{"line":64,"column":24},"end":{"line":64,"column":25}},"loc":{"start":{"line":64,"column":39},"end":{"line":64,"column":70}},"line":64},"3":{"name":"(anonymous_3)","decl":{"start":{"line":67,"column":22},"end":{"line":67,"column":23}},"loc":{"start":{"line":67,"column":28},"end":{"line":69,"column":5}},"line":67},"4":{"name":"(anonymous_4)","decl":{"start":{"line":68,"column":24},"end":{"line":68,"column":25}},"loc":{"start":{"line":68,"column":39},"end":{"line":68,"column":86}},"line":68},"5":{"name":"(anonymous_5)","decl":{"start":{"line":98,"column":34},"end":{"line":98,"column":35}},"loc":{"start":{"line":99,"column":24},"end":{"line":105,"column":30}},"line":99}},"branchMap":{},"s":{"0":0,"1":0,"2":0,"3":0,"4":0,"5":0,"6":0,"7":0,"8":0,"9":0,"10":0,"11":0},"f":{"0":0,"1":0,"2":0,"3":0,"4":0,"5":0},"b":{}}
,"C:\\Users\\HP\\Desktop\\Zero-Waste\\frontend\\src\\pages\\PaymentPage.js": {"path":"C:\\Users\\HP\\Desktop\\Zero-Waste\\frontend\\src\\pages\\PaymentPage.js","statementMap":{"0":{"start":{"line":10,"column":20},"end":{"line":19,"column":1}},"1":{"start":{"line":22,"column":34},"end":{"line":22,"column":46}},"2":{"start":{"line":23,"column":48},"end":{"line":23,"column":62}},"3":{"start":{"line":24,"column":48},"end":{"line":24,"column":63}},"4":{"start":{"line":25,"column":46},"end":{"line":30,"column":4}},"5":{"start":{"line":31,"column":30},"end":{"line":31,"column":42}},"6":{"start":{"line":34,"column":2},"end":{"line":50,"column":9}},"7":{"start":{"line":35,"column":26},"end":{"line":47,"column":5}},"8":{"start":{"line":36,"column":6},"end":{"line":46,"column":7}},"9":{"start":{"line":37,"column":25},"end":{"line":41,"column":10}},"10":{"start":{"line":42,"column":32},"end":{"line":42,"column":93}},"11":{"start":{"line":42,"column":64},"end":{"line":42,"column":92}},"12":{"start":{"line":43,"column":8},"end":{"line":43,"column":37}},"13":{"start":{"line":45,"column":8},"end":{"line":45,"column":63}},"14":{"start":{"line":49,"column":4},"end":{"line":49,"column":20}},"15":{"start":{"line":53,"column":26},"end":{"line":56,"column":3}},"16":{"start":{"line":54,"column":25},"end":{"line":54,"column":52}},"17":{"start":{"line":55,"column":4},"end":{"line":55,"column":35}},"18":{"start":{"line":59,"column":30},"end":{"line":63,"column":3}},"19":{"start":{"line":60,"column":19},"end":{"line":60,"column":71}},"20":{"start":{"line":61,"column":4},"end":{"line":61,"column":47}},"21":{"start":{"line":62,"column":4},"end":{"line":62,"column":29}},"22":{"start":{"line":65,"column":28},"end":{"line":70,"column":3}},"23":{"start":{"line":66,"column":4},"end":{"line":69,"column":7}},"24":{"start":{"line":72,"column":23},"end":{"line":87,"column":3}},"25":{"start":{"line":73,"column":22},"end":{"line":73,"column":24}},"26":{"start":{"line":74,"column":4},"end":{"line":76,"column":5}},"27":{"start":{"line":75,"column":6},"end":{"line":75,"column":63}},"28":{"start":{"line":77,"column":4},"end":{"line":79,"column":5}},"29":{"start":{"line":78,"column":6},"end":{"line":78,"column":61}},"30":{"start":{"line":80,"column":4},"end":{"line":82,"column":5}},"31":{"start":{"line":81,"column":6},"end":{"line":81,"column":55}},"32":{"start":{"line":83,"column":4},"end":{"line":85,"column":5}},"33":{"start":{"line":84,"column":6},"end":{"line":84,"column":45}},"34":{"start":{"line":86,"column":4},"end":{"line":86,"column":21}},"35":{"start":{"line":89,"column":30},"end":{"line":109,"column":3}},"36":{"start":{"line":90,"column":4},"end":{"line":90,"column":23}},"37":{"start":{"line":91,"column":29},"end":{"line":91,"column":43}},"38":{"start":{"line":92,"column":4},"end":{"line":95,"column":5}},"39":{"start":{"line":93,"column":6},"end":{"line":93,"column":34}},"40":{"start":{"line":94,"column":6},"end":{"line":94,"column":13}},"41":{"start":{"line":97,"column":4},"end":{"line":108,"column":5}},"42":{"start":{"line":98,"column":23},"end":{"line":103,"column":8}},"43":{"start":{"line":104,"column":6},"end":{"line":104,"column":35}},"44":{"start":{"line":106,"column":6},"end":{"line":106,"column":77}},"45":{"start":{"line":107,"column":6},"end":{"line":107,"column":99}},"46":{"start":{"line":111,"column":2},"end":{"line":227,"column":4}},"47":{"start":{"line":131,"column":18},"end":{"line":144,"column":23}},"48":{"start":{"line":139,"column":39},"end":{"line":139,"column":67}}},"fnMap":{"0":{"name":"PaymentPage","decl":{"start":{"line":21,"column":9},"end":{"line":21,"column":20}},"loc":{"start":{"line":21,"column":23},"end":{"line":228,"column":1}},"line":21},"1":{"name":"(anonymous_1)","decl":{"start":{"line":34,"column":12},"end":{"line":34,"column":13}},"loc":{"start":{"line":34,"column":18},"end":{"line":50,"column":3}},"line":34},"2":{"name":"(anonymous_2)","decl":{"start":{"line":35,"column":26},"end":{"line":35,"column":27}},"loc":{"start":{"line":35,"column":38},"end":{"line":47,"column":5}},"line":35},"3":{"name":"(anonymous_3)","decl":{"start":{"line":42,"column":53},"end":{"line":42,"column":54}},"loc":{"start":{"line":42,"column":64},"end":{"line":42,"column":92}},"line":42},"4":{"name":"(anonymous_4)","decl":{"start":{"line":53,"column":26},"end":{"line":53,"column":27}},"loc":{"start":{"line":53,"column":51},"end":{"line":56,"column":3}},"line":53},"5":{"name":"(anonymous_5)","decl":{"start":{"line":59,"column":30},"end":{"line":59,"column":31}},"loc":{"start":{"line":59,"column":43},"end":{"line":63,"column":3}},"line":59},"6":{"name":"(anonymous_6)","decl":{"start":{"line":65,"column":28},"end":{"line":65,"column":29}},"loc":{"start":{"line":65,"column":35},"end":{"line":70,"column":3}},"line":65},"7":{"name":"(anonymous_7)","decl":{"start":{"line":72,"column":23},"end":{"line":72,"column":24}},"loc":{"start":{"line":72,"column":29},"end":{"line":87,"column":3}},"line":72},"8":{"name":"(anonymous_8)","decl":{"start":{"line":89,"column":30},"end":{"line":89,"column":31}},"loc":{"start":{"line":89,"column":43},"end":{"line":109,"column":3}},"line":89},"9":{"name":"(anonymous_9)","decl":{"start":{"line":130,"column":29},"end":{"line":130,"column":30}},"loc":{"start":{"line":131,"column":18},"end":{"line":144,"column":23}},"line":131},"10":{"name":"(anonymous_10)","decl":{"start":{"line":139,"column":33},"end":{"line":139,"column":34}},"loc":{"start":{"line":139,"column":39},"end":{"line":139,"column":67}},"line":139}},"branchMap":{"0":{"loc":{"start":{"line":54,"column":25},"end":{"line":54,"column":52}},"type":"binary-expr","locations":[{"start":{"line":54,"column":25},"end":{"line":54,"column":47}},{"start":{"line":54,"column":51},"end":{"line":54,"column":52}}],"line":54},"1":{"loc":{"start":{"line":74,"column":4},"end":{"line":76,"column":5}},"type":"if","locations":[{"start":{"line":74,"column":4},"end":{"line":76,"column":5}},{"start":{},"end":{}}],"line":74},"2":{"loc":{"start":{"line":77,"column":4},"end":{"line":79,"column":5}},"type":"if","locations":[{"start":{"line":77,"column":4},"end":{"line":79,"column":5}},{"start":{},"end":{}}],"line":77},"3":{"loc":{"start":{"line":77,"column":8},"end":{"line":77,"column":77}},"type":"binary-expr","locations":[{"start":{"line":77,"column":8},"end":{"line":77,"column":34}},{"start":{"line":77,"column":38},"end":{"line":77,"column":77}}],"line":77},"4":{"loc":{"start":{"line":80,"column":4},"end":{"line":82,"column":5}},"type":"if","locations":[{"start":{"line":80,"column":4},"end":{"line":82,"column":5}},{"start":{},"end":{}}],"line":80},"5":{"loc":{"start":{"line":83,"column":4},"end":{"line":85,"column":5}},"type":"if","locations":[{"start":{"line":83,"column":4},"end":{"line":85,"column":5}},{"start":{},"end":{}}],"line":83},"6":{"loc":{"start":{"line":83,"column":8},"end":{"line":83,"column":62}},"type":"binary-expr","locations":[{"start":{"line":83,"column":8},"end":{"line":83,"column":27}},{"start":{"line":83,"column":31},"end":{"line":83,"column":62}}],"line":83},"7":{"loc":{"start":{"line":92,"column":4},"end":{"line":95,"column":5}},"type":"if","locations":[{"start":{"line":92,"column":4},"end":{"line":95,"column":5}},{"start":{},"end":{}}],"line":92},"8":{"loc":{"start":{"line":106,"column":38},"end":{"line":106,"column":75}},"type":"binary-expr","locations":[{"start":{"line":106,"column":38},"end":{"line":106,"column":58}},{"start":{"line":106,"column":62},"end":{"line":106,"column":75}}],"line":106},"9":{"loc":{"start":{"line":107,"column":45},"end":{"line":107,"column":96}},"type":"binary-expr","locations":[{"start":{"line":107,"column":45},"end":{"line":107,"column":73}},{"start":{"line":107,"column":77},"end":{"line":107,"column":96}}],"line":107},"10":{"loc":{"start":{"line":129,"column":15},"end":{"line":150,"column":15}},"type":"cond-expr","locations":[{"start":{"line":130,"column":16},"end":{"line":145,"column":18}},{"start":{"line":147,"column":16},"end":{"line":149,"column":21}}],"line":129},"11":{"loc":{"start":{"line":154,"column":11},"end":{"line":222,"column":11}},"type":"binary-expr","locations":[{"start":{"line":154,"column":11},"end":{"line":154,"column":26}},{"start":{"line":154,"column":30},"end":{"line":154,"column":45}},{"start":{"line":155,"column":12},"end":{"line":221,"column":17}}],"line":154},"12":{"loc":{"start":{"line":166,"column":15},"end":{"line":166,"column":88}},"type":"binary-expr","locations":[{"start":{"line":166,"column":15},"end":{"line":166,"column":36}},{"start":{"line":166,"column":40},"end":{"line":166,"column":88}}],"line":166},"13":{"loc":{"start":{"line":182,"column":15},"end":{"line":182,"column":80}},"type":"binary-expr","locations":[{"start":{"line":182,"column":15},"end":{"line":182,"column":32}},{"start":{"line":182,"column":36},"end":{"line":182,"column":80}}],"line":182},"14":{"loc":{"start":{"line":199,"column":17},"end":{"line":199,"column":82}},"type":"binary-expr","locations":[{"start":{"line":199,"column":17},"end":{"line":199,"column":34}},{"start":{"line":199,"column":38},"end":{"line":199,"column":82}}],"line":199},"15":{"loc":{"start":{"line":215,"column":17},"end":{"line":215,"column":68}},"type":"binary-expr","locations":[{"start":{"line":215,"column":17},"end":{"line":215,"column":27}},{"start":{"line":215,"column":31},"end":{"line":215,"column":68}}],"line":215}},"s":{"0":0,"1":0,"2":0,"3":0,"4":0,"5":0,"6":0,"7":0,"8":0,"9":0,"10":0,"11":0,"12":0,"13":0,"14":0,"15":0,"16":0,"17":0,"18":0,"19":0,"20":0,"21":0,"22":0,"23":0,"24":0,"25":0,"26":0,"27":0,"28":0,"29":0,"30":0,"31":0,"32":0,"33":0,"34":0,"35":0,"36":0,"37":0,"38":0,"39":0,"40":0,"41":0,"42":0,"43":0,"44":0,"45":0,"46":0,"47":0,"48":0},"f":{"0":0,"1":0,"2":0,"3":0,"4":0,"5":0,"6":0,"7":0,"8":0,"9":0,"10":0},"b":{"0":[0,0],"1":[0,0],"2":[0,0],"3":[0,0],"4":[0,0],"5":[0,0],"6":[0,0],"7":[0,0],"8":[0,0],"9":[0,0],"10":[0,0],"11":[0,0,0],"12":[0,0],"13":[0,0],"14":[0,0],"15":[0,0]}}
}
